<?xml version="1.0" encoding="UTF-8"?>
<testsuite name="comp3111.popnames.DataParserTest" tests="8" skipped="0" failures="0" errors="0" timestamp="2020-12-05T13:55:35" hostname="Frankie-MacBook-Pro-7.local" time="0.469">
  <properties/>
  <testcase name="testGetTotalRankMale" classname="comp3111.popnames.DataParserTest" time="0.094"/>
  <testcase name="testGetRankFemale" classname="comp3111.popnames.DataParserTest" time="0.009"/>
  <testcase name="testGetTotalRankFemale" classname="comp3111.popnames.DataParserTest" time="0.054"/>
  <testcase name="sameFrequencySameRankTest" classname="comp3111.popnames.DataParserTest" time="0.166"/>
  <testcase name="testCountFemale" classname="comp3111.popnames.DataParserTest" time="0.007"/>
  <testcase name="testGetRankMale" classname="comp3111.popnames.DataParserTest" time="0.036"/>
  <testcase name="testCountMale" classname="comp3111.popnames.DataParserTest" time="0.061"/>
  <testcase name="testGetRankNotFound" classname="comp3111.popnames.DataParserTest" time="0.041"/>
  <system-out><![CDATA[]]></system-out>
  <system-err><![CDATA[]]></system-err>
</testsuite>
