<?xml version="1.0" encoding="UTF-8"?>
<testsuite name="comp3111.popnames.JavaFXTest" tests="1" skipped="0" failures="0" errors="0" timestamp="2020-12-05T13:55:39" hostname="Frankie-MacBook-Pro-7.local" time="3.918">
  <properties/>
  <testcase name="testTextAreaConsole" classname="comp3111.popnames.JavaFXTest" time="3.918"/>
  <system-out><![CDATA[]]></system-out>
  <system-err><![CDATA[]]></system-err>
</testsuite>
