<?xml version="1.0" encoding="UTF-8"?>
<testsuite name="comp3111.popnames.AnalyzeNamesTest" tests="5" skipped="0" failures="0" errors="0" timestamp="2020-12-05T13:55:35" hostname="Frankie-MacBook-Pro-7.local" time="0.141">
  <properties/>
  <testcase name="testGetRankFemale" classname="comp3111.popnames.AnalyzeNamesTest" time="0.012"/>
  <testcase name="testGetNameMale" classname="comp3111.popnames.AnalyzeNamesTest" time="0.034"/>
  <testcase name="testGetNameFemale" classname="comp3111.popnames.AnalyzeNamesTest" time="0.01"/>
  <testcase name="testGetRankMale" classname="comp3111.popnames.AnalyzeNamesTest" time="0.034"/>
  <testcase name="testGetRankNotFound" classname="comp3111.popnames.AnalyzeNamesTest" time="0.051"/>
  <system-out><![CDATA[]]></system-out>
  <system-err><![CDATA[]]></system-err>
</testsuite>
