<?xml version="1.0" encoding="UTF-8"?>
<testsuite name="comp3111.popnames.GenderTest" tests="2" skipped="0" failures="0" errors="0" timestamp="2020-12-05T13:55:33" hostname="Frankie-MacBook-Pro-7.local" time="0.004">
  <properties/>
  <testcase name="convertFromStringTest" classname="comp3111.popnames.GenderTest" time="0.003"/>
  <testcase name="convertToSymbolTest" classname="comp3111.popnames.GenderTest" time="0.0"/>
  <system-out><![CDATA[]]></system-out>
  <system-err><![CDATA[]]></system-err>
</testsuite>
