<?xml version="1.0" encoding="UTF-8"?>
<testsuite name="comp3111.popnames.NamesRecommendationTest" tests="2" skipped="0" failures="0" errors="0" timestamp="2020-12-05T13:55:34" hostname="Frankie-MacBook-Pro-7.local" time="0.187">
  <properties/>
  <testcase name="testInput" classname="comp3111.popnames.NamesRecommendationTest" time="0.002"/>
  <testcase name="testRecommend" classname="comp3111.popnames.NamesRecommendationTest" time="0.185"/>
  <system-out><![CDATA[]]></system-out>
  <system-err><![CDATA[]]></system-err>
</testsuite>
